#
# A fatal error has been detected by the Java Runtime Environment:
#
#  EXCEPTION_ACCESS_VIOLATION (0xc0000005) at pc=0x00000000629aac07, pid=7560, tid=6432
#
# JRE version: Java(TM) SE Runtime Environment (8.0_25-b18) (build 1.8.0_25-b18)
# Java VM: Java HotSpot(TM) 64-Bit Server VM (25.25-b02 mixed mode windows-amd64 compressed oops)
# Problematic frame:
# V  [jvm.dll+0x1fac07]
#
# Failed to write core dump. Minidumps are not enabled by default on client versions of Windows
#
# If you would like to submit a bug report, please visit:
#   http://bugreport.sun.com/bugreport/crash.jsp
#

---------------  T H R E A D  ---------------

Current thread (0x000000001564c800):  JavaThread "Signal Dispatcher" daemon [_thread_in_vm, id=6432, stack(0x00000000169c0000,0x0000000016ac0000)]

siginfo: ExceptionCode=0xc0000005, writing address 0x0000000016aba140

Registers:
RAX=0x0000000016aba140, RBX=0x0000000000000006, RCX=0x0000000000005000, RDX=0x0000000000000006
RSP=0x0000000016abf140, RBP=0x0000000000000000, RSI=0x0000000016abf140, RDI=0x0000000000000006
R8 =0x0000000000000006, R9 =0x00000000156440e0, R10=0x0000000014ccc0b8, R11=0x00000000169ca150
R12=0x00000000156440e0, R13=0x000000001564c800, R14=0x0000000016abf208, R15=0x0000000014ccc0b8
RIP=0x00000000629aac07, EFLAGS=0x0000000000010202

Top of Stack: (sp=0x0000000016abf140)
0x0000000016abf140:   00007fff3fa26980 00007fff3f937aa0
0x0000000016abf150:   000000001564c800 00000000156440e0
0x0000000016abf160:   00000000ffffffff 00000000629abb37
0x0000000016abf170:   0000000016abf270 0000000014ccc0b8
0x0000000016abf180:   000000001564c800 00000000628620d3
0x0000000016abf190:   0000000016abf1d0 000000001564c800
0x0000000016abf1a0:   0000000016abf260 000000001564c800
0x0000000016abf1b0:   0000000014ccc0b8 000000001564c800
0x0000000016abf1c0:   0000000002f60e20 000000001564c800
0x0000000016abf1d0:   0000000014ccc0b8 000000001564c800
0x0000000016abf1e0:   0000000014ccc0b8 000000001564c800
0x0000000016abf1f0:   0000000000000001 0000000014ccc0b8
0x0000000016abf200:   000000001564c800 0000000015638e30
0x0000000016abf210:   000000001564c800 00000000628635bd
0x0000000016abf220:   0000000016abf570 0000000100006448
0x0000000016abf230:   0000000100006448 0000000000000000 

Instructions: (pc=0x00000000629aac07)
0x00000000629aabe7:   48 89 6c 24 30 33 ed 66 90 e8 eb 5c 08 00 ff c3
0x00000000629aabf7:   48 63 c8 48 8b c6 48 0f af cf 48 ff c7 48 2b c1
0x00000000629aac07:   89 28 48 63 c3 48 3b 05 ed 73 57 00 7e db 48 8b
0x00000000629aac17:   6c 24 30 48 8b 5c 24 38 48 8b 74 24 40 48 83 c4 


Register to memory mapping:

RAX=0x0000000016aba140 is pointing into the stack for thread: 0x000000001564c800
RBX=0x0000000000000006 is an unknown value
RCX=0x0000000000005000 is an unknown value
RDX=0x0000000000000006 is an unknown value
RSP=0x0000000016abf140 is pointing into the stack for thread: 0x000000001564c800
RBP=0x0000000000000000 is an unknown value
RSI=0x0000000016abf140 is pointing into the stack for thread: 0x000000001564c800
RDI=0x0000000000000006 is an unknown value
R8 =0x0000000000000006 is an unknown value
R9 =0x00000000156440e0 is an unknown value
R10={method} {0x0000000014ccc0c0} 'exit' '()V' in 'java/lang/Thread'
R11=0x00000000169ca150 is pointing into the stack for thread: 0x000000001564c800
R12=0x00000000156440e0 is an unknown value
R13=0x000000001564c800 is a thread
R14=0x0000000016abf208 is pointing into the stack for thread: 0x000000001564c800
R15={method} {0x0000000014ccc0c0} 'exit' '()V' in 'java/lang/Thread'


Stack: [0x00000000169c0000,0x0000000016ac0000],  sp=0x0000000016abf140,  free space=1020k
