#
# There is insufficient memory for the Java Runtime Environment to continue.
# Native memory allocation (malloc) failed to allocate 1352816 bytes for Chunk::new
# Possible reasons:
#   The system is out of physical RAM or swap space
#   In 32 bit mode, the process size limit was hit
# Possible solutions:
#   Reduce memory load on the system
#   Increase physical memory or swap space
#   Check if swap backing store is full
#   Use 64 bit Java on a 64 bit OS
#   Decrease Java heap size (-Xmx/-Xms)
#   Decrease number of Java threads
#   Decrease Java thread stack sizes (-Xss)
#   Set larger code cache with -XX:ReservedCodeCacheSize=
# This output file may be truncated or incomplete.
#
#  Out of Memory Error (allocation.cpp:390), pid=8300, tid=5648
#
# JRE version: Java(TM) SE Runtime Environment (8.0_25-b18) (build 1.8.0_25-b18)
# Java VM: Java HotSpot(TM) 64-Bit Server VM (25.25-b02 mixed mode windows-amd64 compressed oops)
# Failed to write core dump. Minidumps are not enabled by default on client versions of Windows
#

---------------  T H R E A D  ---------------

Current thread (0x0000000014b7b800):  JavaThread "C2 CompilerThread0" daemon [_thread_in_native, id=5648, stack(0x0000000016090000,0x0000000016190000)]

Stack: [0x0000000016090000,0x0000000016190000]
Native frames: (J=compiled Java code, j=interpreted, Vv=VM code, C=native code)
V  [jvm.dll+0x31667a]


Current CompileTask:
C2:   2471 1225   !   4       com.android.dx.cf.code.BytecodeArray::parseInstruction (2764 bytes)


---------------  P R O C E S S  ---------------

Java Threads: ( => current thread )
  0x00000000161ea000 JavaThread "Service Thread" daemon [_thread_blocked, id=5488, stack(0x0000000016790000,0x0000000016890000)]
  0x00000000161e3800 JavaThread "C1 CompilerThread2" daemon [_thread_in_native, id=8936, stack(0x0000000016690000,0x0000000016790000)]
  0x00000000161d9000 JavaThread "C2 CompilerThread1" daemon [_thread_in_native, id=6748, stack(0x0000000016590000,0x0000000016690000)]
=>0x0000000014b7b800 JavaThread "C2 CompilerThread0" daemon [_thread_in_native, id=5648, stack(0x0000000016090000,0x0000000016190000)]
  0x0000000014b2f800 JavaThread "Attach Listener" daemon [_thread_blocked, id=1692, stack(0x0000000015f90000,0x0000000016090000)]
  0x0000000014b2e800 JavaThread "Signal Dispatcher" daemon [_thread_blocked, id=10272, stack(0x0000000015e90000,0x0000000015f90000)]
  0x0000000002441800 JavaThread "Finalizer" daemon [_thread_blocked, id=8848, stack(0x0000000015d90000,0x0000000015e90000)]
  0x000000000243e000 JavaThread "Reference Handler" daemon [_thread_blocked, id=9980, stack(0x0000000015c90000,0x0000000015d90000)]
  0x000000000234d800 JavaThread "main" [_thread_in_Java, id=6356, stack(0x0000000002200000,0x0000000002300000)]

Other Threads:
  0x0000000014ae5800 VMThread [stack: 0x0000000015b90000,0x0000000015c90000] [id=9020]
  0x00000000161ee000 WatcherThread [stack: 0x0000000016890000,0x0000000016990000] [id=10404]

VM state:not at safepoint (normal execution)

VM Mutex/Monitor currently owned by a thread: None

Heap:
 PSYoungGen      total 18944K, used 10184K [0x00000000eab00000, 0x00000000ec000000, 0x0000000100000000)
  eden space 16384K, 46% used [0x00000000eab00000,0x00000000eb272728,0x00000000ebb00000)
  from space 2560K, 99% used [0x00000000ebb00000,0x00000000ebd7fc98,0x00000000ebd80000)
  to   space 2560K, 0% used [0x00000000ebd80000,0x00000000ebd80000,0x00000000ec000000)
 ParOldGen       total 44032K, used 1697K [0x00000000c0000000, 0x00000000c2b00000, 0x00000000eab00000)
  object space 44032K, 3% used [0x00000000c0000000,0x00000000c01a8600,0x00000000c2b00000)
 Metaspace       used 5399K, capacity 6704K, committed 6784K, reserved 1056768K
  class space    used 542K, capacity 616K, committed 640K, reserved 1048576K

Card table byte_map: [0x0000000011810000,0x0000000011a20000] byte_map_base: 0x0000000011210000

Marking Bits: (ParMarkBitMap*) 0x0000000062f8d490
 Begin Bits: [0x0000000011f80000, 0x0000000012f80000)
 End Bits:   [0x0000000012f80000, 0x0000000013f80000)

Polling page: 0x00000000004f0000

CodeCache: size=245760Kb used=5114Kb max_used=5114Kb free=240645Kb
 bounds [0x0000000002450000, 0x0000000002960000, 0x0000000011450000]
 total_blobs=1523 nmethods=1262 adapters=175
 compilation: enabled

Compilation events (10 events):
Event: 2.301 Thread 0x00000000161d9000 1226       4       com.android.dx.ssa.SsaBasicBlock::getCountPhiInsns (45 bytes)
Event: 2.305 Thread 0x00000000161d9000 nmethod 1226 0x0000000002932f90 code [0x00000000029330e0, 0x0000000002933318]
Event: 2.307 Thread 0x00000000161d9000 1227       4       com.android.dx.ssa.SsaMethod$1::visitNonMoveInsn (26 bytes)
Event: 2.308 Thread 0x00000000161d9000 nmethod 1227 0x0000000002933490 code [0x00000000029335e0, 0x00000000029336d8]
Event: 2.313 Thread 0x00000000161d9000 1228       4       com.android.dx.ssa.SsaMethod::computeReachability (131 bytes)
Event: 2.313 Thread 0x00000000161e3800 1229       3       com.android.dx.ssa.PhiInsn::predBlocksForReg (73 bytes)
Event: 2.315 Thread 0x00000000161e3800 nmethod 1229 0x0000000002931150 code [0x00000000029313c0, 0x0000000002932418]
Event: 2.331 Thread 0x00000000161e3800 1230       3       com.android.dx.ssa.back.FirstFitLocalCombiningAllocator::handleNormalUnassociated (99 bytes)
Event: 2.333 Thread 0x00000000161e3800 nmethod 1230 0x0000000002933850 code [0x0000000002933ae0, 0x0000000002934d38]
Event: 2.333 Thread 0x00000000161e3800 1231       3       com.android.dx.rop.code.RegisterSpecList::make (17 bytes)

GC Heap History (2 events):
Event: 1.915 GC heap before
{Heap before GC invocations=1 (full 0):
 PSYoungGen      total 18944K, used 16384K [0x00000000eab00000, 0x00000000ec000000, 0x0000000100000000)
  eden space 16384K, 100% used [0x00000000eab00000,0x00000000ebb00000,0x00000000ebb00000)
  from space 2560K, 0% used [0x00000000ebd80000,0x00000000ebd80000,0x00000000ec000000)
  to   space 2560K, 0% used [0x00000000ebb00000,0x00000000ebb00000,0x00000000ebd80000)
 ParOldGen       total 44032K, used 0K [0x00000000c0000000, 0x00000000c2b00000, 0x00000000eab00000)
  object space 44032K, 0% used [0x00000000c0000000,0x00000000c0000000,0x00000000c2b00000)
 Metaspace       used 5297K, capacity 6576K, committed 6784K, reserved 1056768K
  class space    used 542K, capacity 616K, committed 640K, reserved 1048576K
Event: 1.993 GC heap after
Heap after GC invocations=1 (full 0):
 PSYoungGen      total 18944K, used 2559K [0x00000000eab00000, 0x00000000ec000000, 0x0000000100000000)
  eden space 16384K, 0% used [0x00000000eab00000,0x00000000eab00000,0x00000000ebb00000)
  from space 2560K, 99% used [0x00000000ebb00000,0x00000000ebd7fc98,0x00000000ebd80000)
  to   space 2560K, 0% used [0x00000000ebd80000,0x00000000ebd80000,0x00000000ec000000)
 ParOldGen       total 44032K, used 1697K [0x00000000c0000000, 0x00000000c2b00000, 0x00000000eab00000)
  object space 44032K, 3% used [0x00000000c0000000,0x00000000c01a8600,0x00000000c2b00000)
 Metaspace       used 5297K, capacity 6576K, committed 6784K, reserved 1056768K
  class space    used 542K, capacity 616K, committed 640K, reserved 1048576K
}

Deoptimization events (10 events):
Event: 1.138 Thread 0x000000000234d800 Uncommon trap: reason=class_check action=maybe_recompile pc=0x0000000002727270 method=com.android.dx.ssa.NormalSsaInsn.accept(Lcom/android/dx/ssa/SsaInsn$Visitor;)V @ 9
Event: 1.138 Thread 0x000000000234d800 Uncommon trap: reason=class_check action=maybe_recompile pc=0x0000000002727270 method=com.android.dx.ssa.NormalSsaInsn.accept(Lcom/android/dx/ssa/SsaInsn$Visitor;)V @ 9
Event: 1.138 Thread 0x000000000234d800 Uncommon trap: reason=class_check action=maybe_recompile pc=0x0000000002727270 method=com.android.dx.ssa.NormalSsaInsn.accept(Lcom/android/dx/ssa/SsaInsn$Visitor;)V @ 9
Event: 1.611 Thread 0x000000000234d800 Uncommon trap: reason=class_check action=maybe_recompile pc=0x00000000026dc134 method=com.android.dx.rop.type.Type.equals(Ljava/lang/Object;)Z @ 8
Event: 1.611 Thread 0x000000000234d800 Uncommon trap: reason=class_check action=maybe_recompile pc=0x00000000026dc134 method=com.android.dx.rop.type.Type.equals(Ljava/lang/Object;)Z @ 8
Event: 1.611 Thread 0x000000000234d800 Uncommon trap: reason=class_check action=maybe_recompile pc=0x00000000026dc134 method=com.android.dx.rop.type.Type.equals(Ljava/lang/Object;)Z @ 8
Event: 1.611 Thread 0x000000000234d800 Uncommon trap: reason=class_check action=maybe_recompile pc=0x00000000026dc134 method=com.android.dx.rop.type.Type.equals(Ljava/lang/Object;)Z @ 8
Event: 1.611 Thread 0x000000000234d800 Uncommon trap: reason=class_check action=maybe_recompile pc=0x00000000027b048c method=com.android.dx.rop.type.Type.equals(Ljava/lang/Object;)Z @ 8
Event: 1.613 Thread 0x000000000234d800 Uncommon trap: reason=class_check action=maybe_recompile pc=0x0000000002841cbc method=com.android.dx.rop.type.Type.equals(Ljava/lang/Object;)Z @ 8
Event: 1.620 Thread 0x000000000234d800 Uncommon trap: reason=null_check action=make_not_entrant pc=0x0000000002780120 method=com.android.dx.ssa.SsaRenamer.getLocalForNewReg(I)Lcom/android/dx/rop/code/LocalItem; @ 19

Internal exceptions (3 events):
Event: 0.057 Thread 0x000000000234d800 Exception <a 'java/lang/NoSuchMethodError': Method sun.misc.Unsafe.defineClass(Ljava/lang/String;[BII)Ljava/lang/Class; name or signature does not match> (0x00000000eab12090) thrown at [D:\re\workspace\8-2-build-windows-amd64-cygwin\jdk8u25\1677\hotspot\sr9hð&»T­?
Event: 0.057 Thread 0x000000000234d800 Exception <a 'java/lang/NoSuchMethodError': Method sun.misc.Unsafe.prefetchRead(Ljava/lang/Object;J)V name or signature does not match> (0x00000000eab12320) thrown at [D:\re\workspace\8-2-build-windows-amd64-cygwin\jdk8u25\1677\hotspot\src\share\vm\prims\jPëÙêù?
Event: 1.620 Thread 0x000000000234d800 Implicit null exception at 0x000000000277e107 to 0x00000000027800f9

Events (10 events):
Event: 1.620 Thread 0x000000000234d800 DEOPT PACKING pc=0x0000000002780120 sp=0x00000000022fe6f0
Event: 1.620 Thread 0x000000000234d800 DEOPT UNPACKING pc=0x000000000249556a sp=0x00000000022fe528 mode 2
Event: 1.810 Executing VM operation: ForceSafepoint
Event: 1.811 Executing VM operation: ForceSafepoint done
Event: 1.812 loading class java/util/DualPivotQuicksort
Event: 1.812 loading class java/util/DualPivotQuicksort done
Event: 1.915 Executing VM operation: ParallelGCFailedAllocation
Event: 1.993 Executing VM operation: ParallelGCFailedAllocation done
Event: 1.993 loading class sun/misc/Cleaner
Event: 1.993 loading class sun/misc/Cleaner done


Dynamic libraries:
0x00007ff7f6f90000 - 0x00007ff7f6fc4000 	D:\PROGRA~2\Java\JDK18~1.0_2\bin\java.exe
0x00007fff3f900000 - 0x00007fff3faa6000 	C:\Windows\SYSTEM32\ntdll.dll
0x00007fff3d7d0000 - 0x00007fff3d90a000 	C:\Windows\system32\KERNEL32.DLL
0x00007fff3d020000 - 0x00007fff3d12f000 	C:\Windows\system32\KERNELBASE.dll
0x00007fff3b880000 - 0x00007fff3b908000 	C:\Windows\system32\apphelp.dll
0x00007fff21a60000 - 0x00007fff21aaf000 	C:\Windows\AppPatch\AppPatch64\AcGenral.DLL
0x00007fff3d180000 - 0x00007fff3d227000 	C:\Windows\system32\msvcrt.dll
0x00007fff3cb20000 - 0x00007fff3cb4b000 	C:\Windows\SYSTEM32\SspiCli.dll
0x00007fff3f570000 - 0x00007fff3f5c1000 	C:\Windows\system32\SHLWAPI.dll
0x00007fff3da20000 - 0x00007fff3db91000 	C:\Windows\system32\USER32.dll
0x00007fff3d4b0000 - 0x00007fff3d628000 	C:\Windows\system32\ole32.dll
0x00007fff3e160000 - 0x00007fff3f56f000 	C:\Windows\system32\SHELL32.dll
0x00007fff3c2d0000 - 0x00007fff3c2ee000 	C:\Windows\SYSTEM32\USERENV.dll
0x00007fff3de00000 - 0x00007fff3dea5000 	C:\Windows\system32\ADVAPI32.dll
0x00007fff3b120000 - 0x00007fff3b13b000 	C:\Windows\SYSTEM32\MPR.dll
0x00007fff3d690000 - 0x00007fff3d7c7000 	C:\Windows\system32\RPCRT4.dll
0x00007fff3dba0000 - 0x00007fff3dbf7000 	C:\Windows\SYSTEM32\sechost.dll
0x00007fff3f5f0000 - 0x00007fff3f7c6000 	C:\Windows\SYSTEM32\combase.dll
0x00007fff3deb0000 - 0x00007fff3dff4000 	C:\Windows\system32\GDI32.dll
0x00007fff3cc70000 - 0x00007fff3cc84000 	C:\Windows\SYSTEM32\profapi.dll
0x00007fff3ae80000 - 0x00007fff3af1f000 	C:\Windows\SYSTEM32\SHCORE.dll
0x00007fff3d9e0000 - 0x00007fff3da14000 	C:\Windows\system32\IMM32.DLL
0x00007fff3e010000 - 0x00007fff3e149000 	C:\Windows\system32\MSCTF.dll
0x00007fff3a490000 - 0x00007fff3a6ea000 	C:\Windows\WinSxS\amd64_microsoft.windows.common-controls_6595b64144ccf1df_6.0.9600.17031_none_6242a4b3ecbb55a1\COMCTL32.dll
0x0000000062330000 - 0x0000000062402000 	D:\PROGRA~2\Java\JDK18~1.0_2\jre\bin\msvcr100.dll
0x00000000627b0000 - 0x000000006300a000 	D:\PROGRA~2\Java\JDK18~1.0_2\jre\bin\server\jvm.dll
0x00007fff332d0000 - 0x00007fff332d9000 	C:\Windows\SYSTEM32\WSOCK32.dll
0x00007fff34ed0000 - 0x00007fff34eef000 	C:\Windows\SYSTEM32\WINMM.dll
0x00007fff3e000000 - 0x00007fff3e007000 	C:\Windows\system32\PSAPI.DLL
0x00007fff3dc00000 - 0x00007fff3dc58000 	C:\Windows\system32\WS2_32.dll
0x00007fff34ea0000 - 0x00007fff34eca000 	C:\Windows\SYSTEM32\WINMMBASE.dll
0x00007fff3e150000 - 0x00007fff3e159000 	C:\Windows\system32\NSI.dll
0x00007fff3d130000 - 0x00007fff3d17a000 	C:\Windows\SYSTEM32\cfgmgr32.dll
0x00007fff3bae0000 - 0x00007fff3bb06000 	C:\Windows\SYSTEM32\DEVOBJ.dll
0x00000000627a0000 - 0x00000000627af000 	D:\PROGRA~2\Java\JDK18~1.0_2\jre\bin\verify.dll
0x0000000062770000 - 0x0000000062798000 	D:\PROGRA~2\Java\JDK18~1.0_2\jre\bin\java.dll
0x0000000062750000 - 0x0000000062766000 	D:\PROGRA~2\Java\JDK18~1.0_2\jre\bin\zip.dll
0x00007fff2fbe0000 - 0x00007fff2fd68000 	C:\Windows\SYSTEM32\dbghelp.dll

VM Arguments:
jvm_args: -Xmx1024M -Xss1m -Djava.ext.dirs=D:\AIDE\adt-bundle-windows-x86_64-20140702\sdk\build-tools\android-4.4W\lib 
java_command: D:\AIDE\adt-bundle-windows-x86_64-20140702\sdk\build-tools\android-4.4W\lib\dx.jar --dex --output D:\Works\NyaSama\app\build\intermediates\pre-dexed\debug\classes-2c5b96e517a1e17548c1cf6c43cf2ffada8f6a4c.jar D:\Works\NyaSama\app\build\intermediates\exploded-aar\com.android.support\support-v4\21.0.0\classes.jar
java_class_path (initial): D:\AIDE\adt-bundle-windows-x86_64-20140702\sdk\build-tools\android-4.4W\lib\dx.jar
Launcher Type: SUN_STANDARD

Environment Variables:
JAVA_HOME=D:\Program Files\Java\jdk1.8.0_25
CLASSPATH=.;D:\Program Files\Java\jdk1.8.0_25\lib;D:\Program Files\Java\jdk1.8.0_25\lib\tools.jar
PATH=C:\ProgramData\Oracle\Java\javapath;C:\Program Files (x86)\Intel\iCLS Client\;C:\Program Files\Intel\iCLS Client\;C:\Windows\system32;C:\Windows;C:\Windows\System32\Wbem;C:\Windows\System32\WindowsPowerShell\v1.0\;C:\Program Files\Intel\Intel(R) Management Engine Components\DAL;C:\Program Files\Intel\Intel(R) Management Engine Components\IPT;C:\Program Files (x86)\Intel\Intel(R) Management Engine Components\DAL;C:\Program Files (x86)\Intel\Intel(R) Management Engine Components\IPT;C:\Program Files\Microsoft\Web Platform Installer\;C:\Program Files (x86)\Microsoft ASP.NET\ASP.NET Web Pages\v1.0\;C:\Program Files\Microsoft SQL Server\110\Tools\Binn\;C:\Program Files (x86)\Windows Kits\8.1\Windows Performance Toolkit\;C:\Program Files\Intel\WiFi\bin\;C:\Program Files\Common Files\Intel\WirelessCommon\;C:\Program Files (x86)\Lenovo\Lenovo Home\;D:\Program Files\Java\jdk1.8.0_25\bin;D:\Program Files\Java\jdk1.8.0_25\jre\bin;D:\Program Files (x86)\Git\cmd;D:\Program Files (x86)\Git\bin;C:\Program Files (x86)\Microsoft SDKs\TypeScript\1.0\;C:\Program Files\Microsoft SQL Server\120\Tools\Binn\;C:\Program Files\Intel\WiFi\bin\;C:\Program Files\Common Files\Intel\WirelessCommon\;C:\Program Files (x86)\Lenovo\Lenovo Home\DCMainWin.exe
USERNAME=D.zzm
OS=Windows_NT
PROCESSOR_IDENTIFIER=Intel64 Family 6 Model 69 Stepping 1, GenuineIntel



---------------  S Y S T E M  ---------------

OS: Windows 8.1 , 64 bit Build 9600 

CPU:total 4 (2 cores per cpu, 2 threads per core) family 6 model 69 stepping 1, cmov, cx8, fxsr, mmx, sse, sse2, sse3, ssse3, sse4.1, sse4.2, popcnt, avx, avx2, aes, clmul, erms, lzcnt, ht, tsc, tscinvbit, bmi1, bmi2

Memory: 4k page, physical 4120940k(388324k free), swap 7266668k(5096k free)

vm_info: Java HotSpot(TM) 64-Bit Server VM (25.25-b02) for windows-amd64 JRE (1.8.0_25-b18), built on Oct  7 2014 14:25:37 by "java_re" with MS VC++ 10.0 (VS2010)

time: Sat Nov 29 19:57:45 2014
elapsed time: 2 seconds (0d 0h 0m 2s)

