#
# There is insufficient memory for the Java Runtime Environment to continue.
# Native memory allocation (malloc) failed to allocate 604096 bytes for Chunk::new
# Possible reasons:
#   The system is out of physical RAM or swap space
#   In 32 bit mode, the process size limit was hit
# Possible solutions:
#   Reduce memory load on the system
#   Increase physical memory or swap space
#   Check if swap backing store is full
#   Use 64 bit Java on a 64 bit OS
#   Decrease Java heap size (-Xmx/-Xms)
#   Decrease number of Java threads
#   Decrease Java thread stack sizes (-Xss)
#   Set larger code cache with -XX:ReservedCodeCacheSize=
# This output file may be truncated or incomplete.
#
#  Out of Memory Error (allocation.cpp:390), pid=7532, tid=9168
#
# JRE version: Java(TM) SE Runtime Environment (8.0_25-b18) (build 1.8.0_25-b18)
# Java VM: Java HotSpot(TM) 64-Bit Server VM (25.25-b02 mixed mode windows-amd64 compressed oops)
# Failed to write core dump. Minidumps are not enabled by default on client versions of Windows
#

---------------  T H R E A D  ---------------

Current thread (0x00000000147d9800):  JavaThread "C2 CompilerThread0" daemon [_thread_in_native, id=9168, stack(0x0000000016120000,0x0000000016220000)]

Stack: [0x0000000016120000,0x0000000016220000]
Native frames: (J=compiled Java code, j=interpreted, Vv=VM code, C=native code)
V  [jvm.dll+0x31667a]


Current CompileTask:
C2:  57962 6111       4       org.gradle.logging.internal.AbstractLineChoppingStyledTextOutput::doAppend (142 bytes)


---------------  P R O C E S S  ---------------

Java Threads: ( => current thread )
  0x000000001dc69800 JavaThread "stdout" [_thread_in_native, id=10860, stack(0x00000000201d0000,0x00000000202d0000)]
  0x000000001dc6a800 JavaThread "stderr" [_thread_in_native, id=2436, stack(0x00000000200d0000,0x00000000201d0000)]
  0x000000001dc66800 JavaThread "stdout" [_thread_in_native, id=6000, stack(0x000000001ffd0000,0x00000000200d0000)]
  0x000000001dc66000 JavaThread "stderr" [_thread_in_native, id=10524, stack(0x000000001fed0000,0x000000001ffd0000)]
  0x000000001dc69000 JavaThread "stdout" [_thread_in_native, id=8776, stack(0x000000001fcd0000,0x000000001fdd0000)]
  0x000000001dc68000 JavaThread "stderr" [_thread_in_native, id=6012, stack(0x000000001fa40000,0x000000001fb40000)]
  0x000000001dc65000 JavaThread "stdout" [_thread_in_native, id=9248, stack(0x000000001f940000,0x000000001fa40000)]
  0x000000001dc64800 JavaThread "stderr" [_thread_in_native, id=9796, stack(0x000000001f840000,0x000000001f940000)]
  0x0000000017bb1000 JavaThread "pool-3-thread-4" [_thread_blocked, id=10464, stack(0x000000001f740000,0x000000001f840000)]
  0x000000001bdd4000 JavaThread "pool-3-thread-3" [_thread_blocked, id=5740, stack(0x000000001d9e0000,0x000000001dae0000)]
  0x000000001b18a800 JavaThread "pool-3-thread-2" [_thread_blocked, id=6156, stack(0x000000001d410000,0x000000001d510000)]
  0x000000001989b800 JavaThread "pool-3-thread-1" [_thread_blocked, id=3948, stack(0x000000001ca90000,0x000000001cb90000)]
  0x0000000015b7e000 JavaThread "Stdin handler" [_thread_blocked, id=196, stack(0x0000000018410000,0x0000000018510000)]
  0x0000000015cf5800 JavaThread "Handler for socket connection at /127.0.0.1:19357 with /127.0.0.1:19378" [_thread_in_native, id=11164, stack(0x0000000018310000,0x0000000018410000)]
  0x000000001b68e800 JavaThread "File lock request listener" [_thread_in_native, id=9412, stack(0x000000001c0a0000,0x000000001c1a0000)]
  0x0000000017266000 JavaThread "Daemon" [_thread_blocked, id=604, stack(0x0000000018210000,0x0000000018310000)]
  0x000000001723a800 JavaThread "Incoming local TCP Connector on port 19357" [_thread_in_native, id=10832, stack(0x0000000017f10000,0x0000000018010000)]
  0x0000000015bac000 JavaThread "Service Thread" daemon [_thread_blocked, id=9152, stack(0x0000000016420000,0x0000000016520000)]
  0x00000000147ec000 JavaThread "C1 CompilerThread2" daemon [_thread_blocked, id=9132, stack(0x0000000016320000,0x0000000016420000)]
  0x00000000147db000 JavaThread "C2 CompilerThread1" daemon [_thread_in_native, id=9156, stack(0x0000000016220000,0x0000000016320000)]
=>0x00000000147d9800 JavaThread "C2 CompilerThread0" daemon [_thread_in_native, id=9168, stack(0x0000000016120000,0x0000000016220000)]
  0x0000000015b62800 JavaThread "Attach Listener" daemon [_thread_blocked, id=9148, stack(0x0000000016020000,0x0000000016120000)]
  0x00000000147d0000 JavaThread "Signal Dispatcher" daemon [_thread_blocked, id=9144, stack(0x0000000015f20000,0x0000000016020000)]
  0x00000000020e9000 JavaThread "Finalizer" daemon [_thread_blocked, id=9104, stack(0x0000000015a20000,0x0000000015b20000)]
  0x00000000020e0000 JavaThread "Reference Handler" daemon [_thread_blocked, id=9100, stack(0x0000000015920000,0x0000000015a20000)]
  0x0000000001fee800 JavaThread "main" [_thread_blocked, id=9800, stack(0x0000000001ea0000,0x0000000001fa0000)]

Other Threads:
  0x0000000014785800 VMThread [stack: 0x0000000015820000,0x0000000015920000] [id=9092]
  0x0000000015bc8800 WatcherThread [stack: 0x0000000016520000,0x0000000016620000] [id=5452]

VM state:not at safepoint (normal execution)

VM Mutex/Monitor currently owned by a thread: None

Heap:
 PSYoungGen      total 272896K, used 202018K [0x00000000eab00000, 0x00000000fdf00000, 0x0000000100000000)
  eden space 251904K, 71% used [0x00000000eab00000,0x00000000f5bc8c78,0x00000000fa100000)
  from space 20992K, 99% used [0x00000000fbb00000,0x00000000fcf7fd00,0x00000000fcf80000)
  to   space 26624K, 0% used [0x00000000fa100000,0x00000000fa100000,0x00000000fbb00000)
 ParOldGen       total 71680K, used 49927K [0x00000000c0000000, 0x00000000c4600000, 0x00000000eab00000)
  object space 71680K, 69% used [0x00000000c0000000,0x00000000c30c1e90,0x00000000c4600000)
 Metaspace       used 55552K, capacity 59201K, committed 59352K, reserved 1099776K
  class space    used 7850K, capacity 9181K, committed 9216K, reserved 1048576K

Card table byte_map: [0x00000000114b0000,0x00000000116c0000] byte_map_base: 0x0000000010eb0000

Marking Bits: (ParMarkBitMap*) 0x0000000062f8d490
 Begin Bits: [0x0000000011c20000, 0x0000000012c20000)
 End Bits:   [0x0000000012c20000, 0x0000000013c20000)

Polling page: 0x0000000001b80000

CodeCache: size=245760Kb used=19628Kb max_used=19642Kb free=226131Kb
 bounds [0x00000000020f0000, 0x0000000003440000, 0x00000000110f0000]
 total_blobs=6164 nmethods=5496 adapters=580
 compilation: enabled

Compilation events (10 events):
Event: 57.827 Thread 0x00000000147d9800 6111       4       org.gradle.logging.internal.AbstractLineChoppingStyledTextOutput::doAppend (142 bytes)
Event: 57.829 Thread 0x00000000147db000 6112       4       java.util.ArrayList::<init> (67 bytes)
Event: 57.832 Thread 0x00000000147db000 nmethod 6112 0x0000000002f4e610 code [0x0000000002f4e760, 0x0000000002f4e918]
Event: 57.832 Thread 0x00000000147db000 6113       4       java.io.ObjectOutputStream$BlockDataOutputStream::writeShort (47 bytes)
Event: 57.834 Thread 0x00000000147db000 nmethod 6113 0x0000000002f49f10 code [0x0000000002f4a060, 0x0000000002f4a1a8]
Event: 57.835 Thread 0x00000000147db000 6114       4       java.lang.Throwable::<init> (34 bytes)
Event: 57.836 Thread 0x00000000147db000 nmethod 6114 0x0000000002cf0c90 code [0x0000000002cf0de0, 0x0000000002cf0e98]
Event: 57.838 Thread 0x00000000147db000 6115 % !   4       java.io.BufferedReader::readLine @ 131 (304 bytes)
Event: 57.844 Thread 0x00000000147ec000 6116       3       java.nio.DirectByteBuffer::put (17 bytes)
Event: 57.844 Thread 0x00000000147ec000 nmethod 6116 0x0000000002f42d90 code [0x0000000002f42f00, 0x0000000002f43268]

GC Heap History (10 events):
Event: 36.035 GC heap before
{Heap before GC invocations=17 (full 2):
 PSYoungGen      total 199168K, used 11248K [0x00000000eab00000, 0x00000000fe000000, 0x0000000100000000)
  eden space 187904K, 0% used [0x00000000eab00000,0x00000000eab00000,0x00000000f6280000)
  from space 11264K, 99% used [0x00000000f6280000,0x00000000f6d7c020,0x00000000f6d80000)
  to   space 17408K, 0% used [0x00000000fcf00000,0x00000000fcf00000,0x00000000fe000000)
 ParOldGen       total 32256K, used 29126K [0x00000000c0000000, 0x00000000c1f80000, 0x00000000eab00000)
  object space 32256K, 90% used [0x00000000c0000000,0x00000000c1c71978,0x00000000c1f80000)
 Metaspace       used 34064K, capacity 35389K, committed 35416K, reserved 1079296K
  class space    used 4487K, capacity 4965K, committed 4992K, reserved 1048576K
Event: 36.387 GC heap after
Heap after GC invocations=17 (full 2):
 PSYoungGen      total 199168K, used 988K [0x00000000eab00000, 0x00000000fe000000, 0x0000000100000000)
  eden space 187904K, 0% used [0x00000000eab00000,0x00000000eab00000,0x00000000f6280000)
  from space 11264K, 8% used [0x00000000f6280000,0x00000000f6377290,0x00000000f6d80000)
  to   space 17408K, 0% used [0x00000000fcf00000,0x00000000fcf00000,0x00000000fe000000)
 ParOldGen       total 71680K, used 32171K [0x00000000c0000000, 0x00000000c4600000, 0x00000000eab00000)
  object space 71680K, 44% used [0x00000000c0000000,0x00000000c1f6adb8,0x00000000c4600000)
 Metaspace       used 34030K, capacity 35275K, committed 35416K, reserved 1079296K
  class space    used 4481K, capacity 4931K, committed 4992K, reserved 1048576K
}
Event: 39.505 GC heap before
{Heap before GC invocations=18 (full 2):
 PSYoungGen      total 199168K, used 188892K [0x00000000eab00000, 0x00000000fe000000, 0x0000000100000000)
  eden space 187904K, 100% used [0x00000000eab00000,0x00000000f6280000,0x00000000f6280000)
  from space 11264K, 8% used [0x00000000f6280000,0x00000000f6377290,0x00000000f6d80000)
  to   space 17408K, 0% used [0x00000000fcf00000,0x00000000fcf00000,0x00000000fe000000)
 ParOldGen       total 71680K, used 32171K [0x00000000c0000000, 0x00000000c4600000, 0x00000000eab00000)
  object space 71680K, 44% used [0x00000000c0000000,0x00000000c1f6adb8,0x00000000c4600000)
 Metaspace       used 39908K, capacity 41483K, committed 41688K, reserved 1085440K
  class space    used 5496K, capacity 6048K, committed 6144K, reserved 1048576K
Event: 39.577 GC heap after
Heap after GC invocations=18 (full 2):
 PSYoungGen      total 248320K, used 17393K [0x00000000eab00000, 0x00000000fe000000, 0x0000000100000000)
  eden space 230912K, 0% used [0x00000000eab00000,0x00000000eab00000,0x00000000f8c80000)
  from space 17408K, 99% used [0x00000000fcf00000,0x00000000fdffc4a0,0x00000000fe000000)
  to   space 21504K, 0% used [0x00000000fb600000,0x00000000fb600000,0x00000000fcb00000)
 ParOldGen       total 71680K, used 34502K [0x00000000c0000000, 0x00000000c4600000, 0x00000000eab00000)
  object space 71680K, 48% used [0x00000000c0000000,0x00000000c21b1848,0x00000000c4600000)
 Metaspace       used 39908K, capacity 41483K, committed 41688K, reserved 1085440K
  class space    used 5496K, capacity 6048K, committed 6144K, reserved 1048576K
}
Event: 40.181 GC heap before
{Heap before GC invocations=19 (full 2):
 PSYoungGen      total 248320K, used 48250K [0x00000000eab00000, 0x00000000fe000000, 0x0000000100000000)
  eden space 230912K, 13% used [0x00000000eab00000,0x00000000ec922360,0x00000000f8c80000)
  from space 17408K, 99% used [0x00000000fcf00000,0x00000000fdffc4a0,0x00000000fe000000)
  to   space 21504K, 0% used [0x00000000fb600000,0x00000000fb600000,0x00000000fcb00000)
 ParOldGen       total 71680K, used 34502K [0x00000000c0000000, 0x00000000c4600000, 0x00000000eab00000)
  object space 71680K, 48% used [0x00000000c0000000,0x00000000c21b1848,0x00000000c4600000)
 Metaspace       used 41171K, capacity 43081K, committed 43352K, reserved 1085440K
  class space    used 5713K, capacity 6424K, committed 6528K, reserved 1048576K
Event: 40.267 GC heap after
Heap after GC invocations=19 (full 2):
 PSYoungGen      total 233984K, used 2822K [0x00000000eab00000, 0x00000000fcf80000, 0x0000000100000000)
  eden space 230912K, 0% used [0x00000000eab00000,0x00000000eab00000,0x00000000f8c80000)
  from space 3072K, 91% used [0x00000000fb600000,0x00000000fb8c1970,0x00000000fb900000)
  to   space 20992K, 0% used [0x00000000fbb00000,0x00000000fbb00000,0x00000000fcf80000)
 ParOldGen       total 71680K, used 50078K [0x00000000c0000000, 0x00000000c4600000, 0x00000000eab00000)
  object space 71680K, 69% used [0x00000000c0000000,0x00000000c30e7978,0x00000000c4600000)
 Metaspace       used 41171K, capacity 43081K, committed 43352K, reserved 1085440K
  class space    used 5713K, capacity 6424K, committed 6528K, reserved 1048576K
}
Event: 40.267 GC heap before
{Heap before GC invocations=20 (full 3):
 PSYoungGen      total 233984K, used 2822K [0x00000000eab00000, 0x00000000fcf80000, 0x0000000100000000)
  eden space 230912K, 0% used [0x00000000eab00000,0x00000000eab00000,0x00000000f8c80000)
  from space 3072K, 91% used [0x00000000fb600000,0x00000000fb8c1970,0x00000000fb900000)
  to   space 20992K, 0% used [0x00000000fbb00000,0x00000000fbb00000,0x00000000fcf80000)
 ParOldGen       total 71680K, used 50078K [0x00000000c0000000, 0x00000000c4600000, 0x00000000eab00000)
  object space 71680K, 69% used [0x00000000c0000000,0x00000000c30e7978,0x00000000c4600000)
 Metaspace       used 41171K, capacity 43081K, committed 43352K, reserved 1085440K
  class space    used 5713K, capacity 6424K, committed 6528K, reserved 1048576K
Event: 41.039 GC heap after
Heap after GC invocations=20 (full 3):
 PSYoungGen      total 233984K, used 0K [0x00000000eab00000, 0x00000000fcf80000, 0x0000000100000000)
  eden space 230912K, 0% used [0x00000000eab00000,0x00000000eab00000,0x00000000f8c80000)
  from space 3072K, 0% used [0x00000000fb600000,0x00000000fb600000,0x00000000fb900000)
  to   space 20992K, 0% used [0x00000000fbb00000,0x00000000fbb00000,0x00000000fcf80000)
 ParOldGen       total 71680K, used 45124K [0x00000000c0000000, 0x00000000c4600000, 0x00000000eab00000)
  object space 71680K, 62% used [0x00000000c0000000,0x00000000c2c11150,0x00000000c4600000)
 Metaspace       used 41171K, capacity 43081K, committed 43352K, reserved 1085440K
  class space    used 5713K, capacity 6424K, committed 6528K, reserved 1048576K
}
Event: 52.578 GC heap before
{Heap before GC invocations=21 (full 3):
 PSYoungGen      total 233984K, used 230912K [0x00000000eab00000, 0x00000000fcf80000, 0x0000000100000000)
  eden space 230912K, 100% used [0x00000000eab00000,0x00000000f8c80000,0x00000000f8c80000)
  from space 3072K, 0% used [0x00000000fb600000,0x00000000fb600000,0x00000000fb900000)
  to   space 20992K, 0% used [0x00000000fbb00000,0x00000000fbb00000,0x00000000fcf80000)
 ParOldGen       total 71680K, used 45124K [0x00000000c0000000, 0x00000000c4600000, 0x00000000eab00000)
  object space 71680K, 62% used [0x00000000c0000000,0x00000000c2c11150,0x00000000c4600000)
 Metaspace       used 49683K, capacity 52768K, committed 52824K, reserved 1093632K
  class space    used 6919K, capacity 8019K, committed 8064K, reserved 1048576K
Event: 52.629 GC heap after
Heap after GC invocations=21 (full 3):
 PSYoungGen      total 272896K, used 20991K [0x00000000eab00000, 0x00000000fdf00000, 0x0000000100000000)
  eden space 251904K, 0% used [0x00000000eab00000,0x00000000eab00000,0x00000000fa100000)
  from space 20992K, 99% used [0x00000000fbb00000,0x00000000fcf7fd00,0x00000000fcf80000)
  to   space 26624K, 0% used [0x00000000fa100000,0x00000000fa100000,0x00000000fbb00000)
 ParOldGen       total 71680K, used 49927K [0x00000000c0000000, 0x00000000c4600000, 0x00000000eab00000)
  object space 71680K, 69% used [0x00000000c0000000,0x00000000c30c1e90,0x00000000c4600000)
 Metaspace       used 49683K, capacity 52768K, committed 52824K, reserved 1093632K
  class space    used 6919K, capacity 8019K, committed 8064K, reserved 1048576K
}

Deoptimization events (10 events):
Event: 45.921 Thread 0x0000000017266000 Uncommon trap: reason=class_check action=maybe_recompile pc=0x000000000258a140 method=java.lang.reflect.Method.equals(Ljava/lang/Object;)Z @ 5
Event: 45.921 Thread 0x0000000017266000 Uncommon trap: reason=class_check action=maybe_recompile pc=0x000000000258a140 method=java.lang.reflect.Method.equals(Ljava/lang/Object;)Z @ 5
Event: 45.935 Thread 0x0000000017266000 Uncommon trap: reason=unloaded action=reinterpret pc=0x00000000030e47a4 method=com.sun.beans.TypeResolver.resolve(Ljava/lang/reflect/Type;Ljava/lang/reflect/Type;)Ljava/lang/reflect/Type; @ 175
Event: 45.971 Thread 0x0000000017266000 Uncommon trap: reason=bimorphic action=maybe_recompile pc=0x0000000002e71a4c method=org.codehaus.groovy.util.SingleKeyHashMap.get(Ljava/lang/Object;)Ljava/lang/Object; @ 1
Event: 45.971 Thread 0x0000000017266000 Uncommon trap: reason=bimorphic action=maybe_recompile pc=0x0000000002e71a4c method=org.codehaus.groovy.util.SingleKeyHashMap.get(Ljava/lang/Object;)Ljava/lang/Object; @ 1
Event: 51.995 Thread 0x0000000017266000 Uncommon trap: reason=range_check action=make_not_entrant pc=0x0000000003257f70 method=java.lang.String.charAt(I)C @ 27
Event: 55.125 Thread 0x000000001bdd4000 Uncommon trap: reason=unreached action=reinterpret pc=0x00000000027aa140 method=java.util.concurrent.locks.AbstractQueuedSynchronizer.release(I)Z @ 14
Event: 55.125 Thread 0x0000000017bb1000 Uncommon trap: reason=unreached action=reinterpret pc=0x00000000027aa114 method=java.util.concurrent.locks.AbstractQueuedSynchronizer.release(I)Z @ 14
Event: 55.125 Thread 0x000000001989b800 Uncommon trap: reason=unreached action=reinterpret pc=0x00000000027aa114 method=java.util.concurrent.locks.AbstractQueuedSynchronizer.release(I)Z @ 14
Event: 55.125 Thread 0x000000001b18a800 Uncommon trap: reason=unreached action=reinterpret pc=0x00000000027aa114 method=java.util.concurrent.locks.AbstractQueuedSynchronizer.release(I)Z @ 14

Internal exceptions (10 events):
Event: 55.183 Thread 0x0000000017bb1000 Exception <a 'java/security/PrivilegedActionException'> (0x00000000f50ec060) thrown at [D:\re\workspace\8-2-build-windows-amd64-cygwin\jdk8u25\1677\hotspot\src\share\vm\prims\jvm.cpp, line 1312]
Event: 55.185 Thread 0x0000000017bb1000 Exception <a 'java/lang/ClassNotFoundException': groovy/runtime/metaclass/[Ljava/lang/Object;MetaClass> (0x00000000f50f16e0) thrown at [D:\re\workspace\8-2-build-windows-amd64-cygwin\jdk8u25\1677\hotspot\src\share\vm\prims\jni.cpp, line 742]
Event: 55.185 Thread 0x0000000017bb1000 Exception <a 'java/lang/ClassNotFoundException': [Ljava/lang/Object;BeanInfo> (0x00000000f50f6148) thrown at [D:\re\workspace\8-2-build-windows-amd64-cygwin\jdk8u25\1677\hotspot\src\share\vm\prims\jni.cpp, line 742]
Event: 55.185 Thread 0x0000000017bb1000 Exception <a 'java/lang/ClassNotFoundException': [Ljava/lang/Object;BeanInfo> (0x00000000f50f64f0) thrown at [D:\re\workspace\8-2-build-windows-amd64-cygwin\jdk8u25\1677\hotspot\src\share\vm\prims\jni.cpp, line 742]
Event: 55.185 Thread 0x0000000017bb1000 Exception <a 'java/lang/ClassNotFoundException': [Ljava/lang/Object;Customizer> (0x00000000f50f6a70) thrown at [D:\re\workspace\8-2-build-windows-amd64-cygwin\jdk8u25\1677\hotspot\src\share\vm\prims\jni.cpp, line 742]
Event: 55.185 Thread 0x0000000017bb1000 Exception <a 'java/lang/ClassNotFoundException': [Ljava/lang/Object;Customizer> (0x00000000f50f6e20) thrown at [D:\re\workspace\8-2-build-windows-amd64-cygwin\jdk8u25\1677\hotspot\src\share\vm\prims\jni.cpp, line 742]
Event: 55.194 Thread 0x000000001bdd4000 Exception <a 'java/security/PrivilegedActionException'> (0x00000000f4ca7b70) thrown at [D:\re\workspace\8-2-build-windows-amd64-cygwin\jdk8u25\1677\hotspot\src\share\vm\prims\jvm.cpp, line 1312]
Event: 55.196 Thread 0x000000001bdd4000 Exception <a 'java/security/PrivilegedActionException'> (0x00000000f4cac6c0) thrown at [D:\re\workspace\8-2-build-windows-amd64-cygwin\jdk8u25\1677\hotspot\src\share\vm\prims\jvm.cpp, line 1312]
Event: 55.196 Thread 0x000000001bdd4000 Exception <a 'java/security/PrivilegedActionException'> (0x00000000f4cb14e0) thrown at [D:\re\workspace\8-2-build-windows-amd64-cygwin\jdk8u25\1677\hotspot\src\share\vm\prims\jvm.cpp, line 1312]
Event: 55.197 Thread 0x000000001bdd4000 Exception <a 'java/security/PrivilegedActionException'> (0x00000000f4cb6670) thrown at [D:\re\workspace\8-2-build-windows-amd64-cygwin\jdk8u25\1677\hotspot\src\share\vm\prims\jvm.cpp, line 1312]

Events (10 events):
Event: 55.220 Thread 0x000000001dc6a800 Thread added: 0x000000001dc6a800
Event: 55.220 Thread 0x000000001dc69800 Thread added: 0x000000001dc69800
Event: 57.821 Executing VM operation: RevokeBias
Event: 57.821 Executing VM operation: RevokeBias done
Event: 57.821 Executing VM operation: RevokeBias
Event: 57.821 Executing VM operation: RevokeBias done
Event: 57.821 Executing VM operation: RevokeBias
Event: 57.822 Executing VM operation: RevokeBias done
Event: 57.827 Thread 0x000000001dc64800 DEOPT PACKING pc=0x0000000002fc3853 sp=0x000000001f93e040
Event: 57.827 Thread 0x000000001dc64800 DEOPT UNPACKING pc=0x00000000021375bf sp=0x000000001f93dd98 mode 0


Dynamic libraries:
0x00007ff7f6f90000 - 0x00007ff7f6fc4000 	D:\Program Files\Java\jdk1.8.0_25\bin\java.exe
0x00007fff3f900000 - 0x00007fff3faa6000 	C:\Windows\SYSTEM32\ntdll.dll
0x00007fff3d7d0000 - 0x00007fff3d90a000 	C:\Windows\system32\KERNEL32.DLL
0x00007fff3d020000 - 0x00007fff3d12f000 	C:\Windows\system32\KERNELBASE.dll
0x00007fff3b880000 - 0x00007fff3b908000 	C:\Windows\system32\apphelp.dll
0x00007fff21b80000 - 0x00007fff21bcf000 	C:\Windows\AppPatch\AppPatch64\AcGenral.DLL
0x00007fff3d180000 - 0x00007fff3d227000 	C:\Windows\system32\msvcrt.dll
0x00007fff3cb20000 - 0x00007fff3cb4b000 	C:\Windows\SYSTEM32\SspiCli.dll
0x00007fff3f570000 - 0x00007fff3f5c1000 	C:\Windows\system32\SHLWAPI.dll
0x00007fff3da20000 - 0x00007fff3db91000 	C:\Windows\system32\USER32.dll
0x00007fff3d4b0000 - 0x00007fff3d628000 	C:\Windows\system32\ole32.dll
0x00007fff3e160000 - 0x00007fff3f56f000 	C:\Windows\system32\SHELL32.dll
0x00007fff3c2d0000 - 0x00007fff3c2ee000 	C:\Windows\SYSTEM32\USERENV.dll
0x00007fff3de00000 - 0x00007fff3dea5000 	C:\Windows\system32\ADVAPI32.dll
0x00007fff3b120000 - 0x00007fff3b13b000 	C:\Windows\SYSTEM32\MPR.dll
0x00007fff3d690000 - 0x00007fff3d7c7000 	C:\Windows\system32\RPCRT4.dll
0x00007fff3dba0000 - 0x00007fff3dbf7000 	C:\Windows\SYSTEM32\sechost.dll
0x00007fff3f5f0000 - 0x00007fff3f7c6000 	C:\Windows\SYSTEM32\combase.dll
0x00007fff3deb0000 - 0x00007fff3dff4000 	C:\Windows\system32\GDI32.dll
0x00007fff3cc70000 - 0x00007fff3cc84000 	C:\Windows\SYSTEM32\profapi.dll
0x00007fff3ae80000 - 0x00007fff3af1f000 	C:\Windows\SYSTEM32\SHCORE.dll
0x00007fff3d9e0000 - 0x00007fff3da14000 	C:\Windows\system32\IMM32.DLL
0x00007fff3e010000 - 0x00007fff3e149000 	C:\Windows\system32\MSCTF.dll
0x00007fff3a490000 - 0x00007fff3a6ea000 	C:\Windows\WinSxS\amd64_microsoft.windows.common-controls_6595b64144ccf1df_6.0.9600.17031_none_6242a4b3ecbb55a1\COMCTL32.dll
0x0000000062330000 - 0x0000000062402000 	D:\Program Files\Java\jdk1.8.0_25\jre\bin\msvcr100.dll
0x00000000627b0000 - 0x000000006300a000 	D:\Program Files\Java\jdk1.8.0_25\jre\bin\server\jvm.dll
0x00007fff332d0000 - 0x00007fff332d9000 	C:\Windows\SYSTEM32\WSOCK32.dll
0x00007fff34ed0000 - 0x00007fff34eef000 	C:\Windows\SYSTEM32\WINMM.dll
0x00007fff3e000000 - 0x00007fff3e007000 	C:\Windows\system32\PSAPI.DLL
0x00007fff3dc00000 - 0x00007fff3dc58000 	C:\Windows\system32\WS2_32.dll
0x00007fff34ea0000 - 0x00007fff34eca000 	C:\Windows\SYSTEM32\WINMMBASE.dll
0x00007fff3e150000 - 0x00007fff3e159000 	C:\Windows\system32\NSI.dll
0x00007fff3d130000 - 0x00007fff3d17a000 	C:\Windows\SYSTEM32\cfgmgr32.dll
0x00007fff3bae0000 - 0x00007fff3bb06000 	C:\Windows\SYSTEM32\DEVOBJ.dll
0x00000000627a0000 - 0x00000000627af000 	D:\Program Files\Java\jdk1.8.0_25\jre\bin\verify.dll
0x0000000062770000 - 0x0000000062798000 	D:\Program Files\Java\jdk1.8.0_25\jre\bin\java.dll
0x0000000062750000 - 0x0000000062766000 	D:\Program Files\Java\jdk1.8.0_25\jre\bin\zip.dll
0x00007fff3c590000 - 0x00007fff3c5ae000 	C:\Windows\SYSTEM32\CRYPTSP.dll
0x00007fff3c1f0000 - 0x00007fff3c225000 	C:\Windows\system32\rsaenh.dll
0x00007fff3c820000 - 0x00007fff3c846000 	C:\Windows\SYSTEM32\bcrypt.dll
0x00007fff3cb50000 - 0x00007fff3cbb0000 	C:\Windows\system32\bcryptprimitives.dll
0x00007fff3cbb0000 - 0x00007fff3cbba000 	C:\Windows\SYSTEM32\CRYPTBASE.dll
0x0000000062540000 - 0x000000006255a000 	D:\Program Files\Java\jdk1.8.0_25\jre\bin\net.dll
0x00007fff3c530000 - 0x00007fff3c588000 	C:\Windows\system32\mswsock.dll
0x00007fff37c70000 - 0x00007fff37c99000 	C:\Windows\SYSTEM32\IPHLPAPI.DLL
0x00007fff37c60000 - 0x00007fff37c6a000 	C:\Windows\SYSTEM32\WINNSI.DLL
0x00007fff36690000 - 0x00007fff366a4000 	C:\Windows\SYSTEM32\dhcpcsvc6.DLL
0x00007fff367c0000 - 0x00007fff367d9000 	C:\Windows\SYSTEM32\dhcpcsvc.DLL
0x0000000062520000 - 0x0000000062531000 	D:\Program Files\Java\jdk1.8.0_25\jre\bin\nio.dll
0x00007fff37580000 - 0x00007fff37592000 	C:\Users\D.zzm\AppData\Local\Temp\native-platform6306850125384600203dir\native-platform.dll

VM Arguments:
jvm_args: -XX:MaxPermSize=256m -XX:+HeapDumpOnOutOfMemoryError -Xmx1024m -Dfile.encoding=GBK -Duser.country=CN -Duser.language=zh -Duser.variant 
java_command: org.gradle.launcher.daemon.bootstrap.GradleDaemon 2.1 C:\Users\D.zzm\.gradle\daemon 10800000 f3544a52-9836-4ac4-80df-77f267bb90b4 -XX:MaxPermSize=256m -XX:+HeapDumpOnOutOfMemoryError -Xmx1024m -Dfile.encoding=GBK -Duser.country=CN -Duser.language=zh -Duser.variant
java_class_path (initial): C:\Users\D.zzm\.gradle\wrapper\dists\gradle-2.1-all\27drb4udbjf4k88eh2ffdc0n55\gradle-2.1\lib\gradle-launcher-2.1.jar
Launcher Type: SUN_STANDARD

Environment Variables:
JAVA_HOME=D:\Program Files\Java\jdk1.8.0_25
CLASSPATH=.;D:\Program Files\Java\jdk1.8.0_25\lib;D:\Program Files\Java\jdk1.8.0_25\lib\tools.jar
PATH=C:\ProgramData\Oracle\Java\javapath;C:\Program Files (x86)\Intel\iCLS Client\;C:\Program Files\Intel\iCLS Client\;C:\Windows\system32;C:\Windows;C:\Windows\System32\Wbem;C:\Windows\System32\WindowsPowerShell\v1.0\;C:\Program Files\Intel\Intel(R) Management Engine Components\DAL;C:\Program Files\Intel\Intel(R) Management Engine Components\IPT;C:\Program Files (x86)\Intel\Intel(R) Management Engine Components\DAL;C:\Program Files (x86)\Intel\Intel(R) Management Engine Components\IPT;C:\Program Files\Microsoft\Web Platform Installer\;C:\Program Files (x86)\Microsoft ASP.NET\ASP.NET Web Pages\v1.0\;C:\Program Files\Microsoft SQL Server\110\Tools\Binn\;C:\Program Files (x86)\Windows Kits\8.1\Windows Performance Toolkit\;C:\Program Files\Intel\WiFi\bin\;C:\Program Files\Common Files\Intel\WirelessCommon\;C:\Program Files (x86)\Lenovo\Lenovo Home\;D:\Program Files\Java\jdk1.8.0_25\bin;D:\Program Files\Java\jdk1.8.0_25\jre\bin;D:\Program Files (x86)\Git\cmd;D:\Program Files (x86)\Git\bin;C:\Program Files (x86)\Microsoft SDKs\TypeScript\1.0\;C:\Program Files\Microsoft SQL Server\120\Tools\Binn\;C:\Program Files\Intel\WiFi\bin\;C:\Program Files\Common Files\Intel\WirelessCommon\;C:\Program Files (x86)\Lenovo\Lenovo Home\DCMainWin.exe
USERNAME=D.zzm
OS=Windows_NT
PROCESSOR_IDENTIFIER=Intel64 Family 6 Model 69 Stepping 1, GenuineIntel



---------------  S Y S T E M  ---------------

OS: Windows 8.1 , 64 bit Build 9600 

CPU:total 4 (2 cores per cpu, 2 threads per core) family 6 model 69 stepping 1, cmov, cx8, fxsr, mmx, sse, sse2, sse3, ssse3, sse4.1, sse4.2, popcnt, avx, avx2, aes, clmul, erms, lzcnt, ht, tsc, tscinvbit, bmi1, bmi2

Memory: 4k page, physical 4120940k(709152k free), swap 7266668k(4492k free)

vm_info: Java HotSpot(TM) 64-Bit Server VM (25.25-b02) for windows-amd64 JRE (1.8.0_25-b18), built on Oct  7 2014 14:25:37 by "java_re" with MS VC++ 10.0 (VS2010)

time: Sat Nov 29 20:03:04 2014
elapsed time: 57 seconds (0d 0h 0m 57s)

