#
# There is insufficient memory for the Java Runtime Environment to continue.
# Native memory allocation (malloc) failed to allocate 32744 bytes for ChunkPool::allocate
# Possible reasons:
#   The system is out of physical RAM or swap space
#   In 32 bit mode, the process size limit was hit
# Possible solutions:
#   Reduce memory load on the system
#   Increase physical memory or swap space
#   Check if swap backing store is full
#   Use 64 bit Java on a 64 bit OS
#   Decrease Java heap size (-Xmx/-Xms)
#   Decrease number of Java threads
#   Decrease Java thread stack sizes (-Xss)
#   Set larger code cache with -XX:ReservedCodeCacheSize=
# This output file may be truncated or incomplete.
#
#  Out of Memory Error (allocation.cpp:273), pid=9780, tid=1068
#
# JRE version: Java(TM) SE Runtime Environment (8.0_25-b18) (build 1.8.0_25-b18)
# Java VM: Java HotSpot(TM) 64-Bit Server VM (25.25-b02 mixed mode windows-amd64 compressed oops)
# Failed to write core dump. Minidumps are not enabled by default on client versions of Windows
#

---------------  T H R E A D  ---------------

Current thread (0x00000000166c3800):  JavaThread "C1 CompilerThread2" daemon [_thread_in_native, id=1068, stack(0x0000000016b70000,0x0000000016c70000)]

Stack: [0x0000000016b70000,0x0000000016c70000]
Native frames: (J=compiled Java code, j=interpreted, Vv=VM code, C=native code)
V  [jvm.dll+0x31667a]
V  [jvm.dll+0x267073]
V  [jvm.dll+0x267cb3]
V  [jvm.dll+0x25f5b5]
V  [jvm.dll+0xbeec1]
V  [jvm.dll+0xbf60c]
V  [jvm.dll+0x362fa]
V  [jvm.dll+0x37bc5]
V  [jvm.dll+0x2aa9c5]
V  [jvm.dll+0x412ac4]
V  [jvm.dll+0x4132cc]
V  [jvm.dll+0x3ecfc1]
V  [jvm.dll+0x3ed6ea]
V  [jvm.dll+0x3ed7c2]
V  [jvm.dll+0x3ed98e]
V  [jvm.dll+0x3edb8f]
V  [jvm.dll+0x98a02]
V  [jvm.dll+0x991f3]
V  [jvm.dll+0x22bde4]
V  [jvm.dll+0x2852fa]
C  [msvcr100.dll+0x21d9f]
C  [msvcr100.dll+0x21e3b]
C  [KERNEL32.DLL+0x16ad]
C  [ntdll.dll+0x54409]


Current CompileTask:
C1:   2009  734   !   3       com.android.dx.cf.code.Ropper::processBlock (1101 bytes)


---------------  P R O C E S S  ---------------

Java Threads: ( => current thread )
  0x00000000166c9000 JavaThread "Service Thread" daemon [_thread_blocked, id=3996, stack(0x0000000016c70000,0x0000000016d70000)]
=>0x00000000166c3800 JavaThread "C1 CompilerThread2" daemon [_thread_in_native, id=1068, stack(0x0000000016b70000,0x0000000016c70000)]
  0x00000000166bd800 JavaThread "C2 CompilerThread1" daemon [_thread_in_vm, id=5612, stack(0x0000000016a70000,0x0000000016b70000)]
  0x000000001507c800 JavaThread "C2 CompilerThread0" daemon [_thread_in_native, id=8144, stack(0x0000000016570000,0x0000000016670000)]
  0x0000000015031000 JavaThread "Attach Listener" daemon [_thread_blocked, id=5760, stack(0x0000000016470000,0x0000000016570000)]
  0x000000001502e000 JavaThread "Signal Dispatcher" daemon [_thread_blocked, id=9752, stack(0x0000000016370000,0x0000000016470000)]
  0x0000000002947000 JavaThread "Finalizer" daemon [_thread_blocked, id=1336, stack(0x0000000016270000,0x0000000016370000)]
  0x000000000293e000 JavaThread "Reference Handler" daemon [_thread_blocked, id=6328, stack(0x0000000016170000,0x0000000016270000)]
  0x0000000000b7d800 JavaThread "main" [_thread_in_vm, id=10068, stack(0x0000000002750000,0x0000000002850000)]

Other Threads:
  0x0000000014fe5000 VMThread [stack: 0x0000000016070000,0x0000000016170000] [id=11236]
  0x00000000166d3800 WatcherThread [stack: 0x0000000016d70000,0x0000000016e70000] [id=9588]

VM state:not at safepoint (normal execution)

VM Mutex/Monitor currently owned by a thread: None

Heap:
 PSYoungGen      total 18944K, used 10774K [0x00000000eab00000, 0x00000000ec000000, 0x0000000100000000)
  eden space 16384K, 65% used [0x00000000eab00000,0x00000000eb585a58,0x00000000ebb00000)
  from space 2560K, 0% used [0x00000000ebd80000,0x00000000ebd80000,0x00000000ec000000)
  to   space 2560K, 0% used [0x00000000ebb00000,0x00000000ebb00000,0x00000000ebd80000)
 ParOldGen       total 44032K, used 0K [0x00000000c0000000, 0x00000000c2b00000, 0x00000000eab00000)
  object space 44032K, 0% used [0x00000000c0000000,0x00000000c0000000,0x00000000c2b00000)
 Metaspace       used 5074K, capacity 6384K, committed 6528K, reserved 1056768K
  class space    used 537K, capacity 616K, committed 640K, reserved 1048576K

Card table byte_map: [0x0000000011d10000,0x0000000011f20000] byte_map_base: 0x0000000011710000

Marking Bits: (ParMarkBitMap*) 0x0000000062f8d490
 Begin Bits: [0x0000000012480000, 0x0000000013480000)
 End Bits:   [0x0000000013480000, 0x0000000014480000)

Polling page: 0x0000000000b00000

CodeCache: size=245760Kb used=3075Kb max_used=3086Kb free=242684Kb
 bounds [0x0000000002950000, 0x0000000002c60000, 0x0000000011950000]
 total_blobs=993 nmethods=732 adapters=174
 compilation: enabled

Compilation events (10 events):
Event: 1.776 Thread 0x00000000166c3800 nmethod 730 0x0000000002c51ed0 code [0x0000000002c52100, 0x0000000002c52c08]
Event: 1.777 Thread 0x00000000166bd800  731       4       java.util.ArrayList::iterator (10 bytes)
Event: 1.777 Thread 0x00000000166c3800  732       3       com.android.dx.rop.code.BasicBlockList$RegCountVisitor::visitThrowingCstInsn (6 bytes)
Event: 1.777 Thread 0x00000000166c3800 nmethod 732 0x0000000002c51b50 code [0x0000000002c51cc0, 0x0000000002c51e48]
Event: 1.778 Thread 0x00000000166bd800 nmethod 731 0x0000000002c54b10 code [0x0000000002c54c60, 0x0000000002c54d68]
Event: 1.778 Thread 0x00000000166c3800  733       1       java.util.TreeMap::size (5 bytes)
Event: 1.778 Thread 0x00000000166c3800 nmethod 733 0x0000000002c51890 code [0x0000000002c519e0, 0x0000000002c51af0]
Event: 1.780 Thread 0x00000000166c3800  734   !   3       com.android.dx.cf.code.Ropper::processBlock (1101 bytes)
Event: 1.783 Thread 0x00000000166bd800  736   !   4       com.android.dx.util.FixedSizeList::<init> (36 bytes)
Event: 1.784 Thread 0x00000000166bd800 nmethod 736 0x0000000002c51550 code [0x0000000002c516a0, 0x0000000002c517d8]

GC Heap History (0 events):
No events

Deoptimization events (0 events):
No events

Internal exceptions (2 events):
Event: 0.050 Thread 0x0000000000b7d800 Exception <a 'java/lang/NoSuchMethodError': Method sun.misc.Unsafe.defineClass(Ljava/lang/String;[BII)Ljava/lang/Class; name or signature does not match> (0x00000000eab11d50) thrown at [D:\re\workspace\8-2-build-windows-amd64-cygwin\jdk8u25\1677\hotspot\sr	©ßL¡©?
Event: 0.050 Thread 0x0000000000b7d800 Exception <a 'java/lang/NoSuchMethodError': Method sun.misc.Unsafe.prefetchRead(Ljava/lang/Object;J)V name or signature does not match> (0x00000000eab11fe0) thrown at [D:\re\workspace\8-2-build-windows-amd64-cygwin\jdk8u25\1677\hotspot\src\share\vm\prims\j

Events (10 events):
Event: 1.230 loading class com/android/dx/cf/code/Ropper$ExceptionHandlerSetup
Event: 1.230 loading class com/android/dx/cf/code/Ropper$ExceptionHandlerSetup done
Event: 1.246 loading class java/util/HashMap$Values
Event: 1.246 loading class java/util/HashMap$Values done
Event: 1.246 loading class java/util/HashMap$ValueIterator
Event: 1.246 loading class java/util/HashMap$ValueIterator done
Event: 1.498 loading class com/android/dx/cf/attrib/AttSignature
Event: 1.498 loading class com/android/dx/cf/attrib/AttSignature done
Event: 1.500 loading class com/android/dx/dex/file/FieldAnnotationStruct
Event: 1.500 loading class com/android/dx/dex/file/FieldAnnotationStruct done


Dynamic libraries:
0x00007ff7f6f90000 - 0x00007ff7f6fc4000 	D:\PROGRA~2\Java\JDK18~1.0_2\bin\java.exe
0x00007fff3f900000 - 0x00007fff3faa6000 	C:\Windows\SYSTEM32\ntdll.dll
0x00007fff3d7d0000 - 0x00007fff3d90a000 	C:\Windows\system32\KERNEL32.DLL
0x00007fff3d020000 - 0x00007fff3d12f000 	C:\Windows\system32\KERNELBASE.dll
0x00007fff3b880000 - 0x00007fff3b908000 	C:\Windows\system32\apphelp.dll
0x00007fff21b80000 - 0x00007fff21bcf000 	C:\Windows\AppPatch\AppPatch64\AcGenral.DLL
0x00007fff3d180000 - 0x00007fff3d227000 	C:\Windows\system32\msvcrt.dll
0x00007fff3cb20000 - 0x00007fff3cb4b000 	C:\Windows\SYSTEM32\SspiCli.dll
0x00007fff3f570000 - 0x00007fff3f5c1000 	C:\Windows\system32\SHLWAPI.dll
0x00007fff3da20000 - 0x00007fff3db91000 	C:\Windows\system32\USER32.dll
0x00007fff3d4b0000 - 0x00007fff3d628000 	C:\Windows\system32\ole32.dll
0x00007fff3e160000 - 0x00007fff3f56f000 	C:\Windows\system32\SHELL32.dll
0x00007fff3c2d0000 - 0x00007fff3c2ee000 	C:\Windows\SYSTEM32\USERENV.dll
0x00007fff3de00000 - 0x00007fff3dea5000 	C:\Windows\system32\ADVAPI32.dll
0x00007fff3b120000 - 0x00007fff3b13b000 	C:\Windows\SYSTEM32\MPR.dll
0x00007fff3d690000 - 0x00007fff3d7c7000 	C:\Windows\system32\RPCRT4.dll
0x00007fff3dba0000 - 0x00007fff3dbf7000 	C:\Windows\SYSTEM32\sechost.dll
0x00007fff3f5f0000 - 0x00007fff3f7c6000 	C:\Windows\SYSTEM32\combase.dll
0x00007fff3deb0000 - 0x00007fff3dff4000 	C:\Windows\system32\GDI32.dll
0x00007fff3cc70000 - 0x00007fff3cc84000 	C:\Windows\SYSTEM32\profapi.dll
0x00007fff3ae80000 - 0x00007fff3af1f000 	C:\Windows\SYSTEM32\SHCORE.dll
0x00007fff3d9e0000 - 0x00007fff3da14000 	C:\Windows\system32\IMM32.DLL
0x00007fff3e010000 - 0x00007fff3e149000 	C:\Windows\system32\MSCTF.dll
0x00007fff3a490000 - 0x00007fff3a6ea000 	C:\Windows\WinSxS\amd64_microsoft.windows.common-controls_6595b64144ccf1df_6.0.9600.17031_none_6242a4b3ecbb55a1\COMCTL32.dll
0x0000000062330000 - 0x0000000062402000 	D:\PROGRA~2\Java\JDK18~1.0_2\jre\bin\msvcr100.dll
0x00000000627b0000 - 0x000000006300a000 	D:\PROGRA~2\Java\JDK18~1.0_2\jre\bin\server\jvm.dll
0x00007fff332d0000 - 0x00007fff332d9000 	C:\Windows\SYSTEM32\WSOCK32.dll
0x00007fff34ed0000 - 0x00007fff34eef000 	C:\Windows\SYSTEM32\WINMM.dll
0x00007fff3e000000 - 0x00007fff3e007000 	C:\Windows\system32\PSAPI.DLL
0x00007fff3dc00000 - 0x00007fff3dc58000 	C:\Windows\system32\WS2_32.dll
0x00007fff34ea0000 - 0x00007fff34eca000 	C:\Windows\SYSTEM32\WINMMBASE.dll
0x00007fff3e150000 - 0x00007fff3e159000 	C:\Windows\system32\NSI.dll
0x00007fff3d130000 - 0x00007fff3d17a000 	C:\Windows\SYSTEM32\cfgmgr32.dll
0x00007fff3bae0000 - 0x00007fff3bb06000 	C:\Windows\SYSTEM32\DEVOBJ.dll
0x00000000627a0000 - 0x00000000627af000 	D:\PROGRA~2\Java\JDK18~1.0_2\jre\bin\verify.dll
0x0000000062770000 - 0x0000000062798000 	D:\PROGRA~2\Java\JDK18~1.0_2\jre\bin\java.dll
0x0000000062750000 - 0x0000000062766000 	D:\PROGRA~2\Java\JDK18~1.0_2\jre\bin\zip.dll
0x00007fff2fbe0000 - 0x00007fff2fd68000 	C:\Windows\SYSTEM32\dbghelp.dll

VM Arguments:
jvm_args: -Xmx1024M -Xss1m -Djava.ext.dirs=D:\AIDE\adt-bundle-windows-x86_64-20140702\sdk\build-tools\android-4.4W\lib 
java_command: D:\AIDE\adt-bundle-windows-x86_64-20140702\sdk\build-tools\android-4.4W\lib\dx.jar --dex --output D:\Works\NyaSama\app\build\intermediates\pre-dexed\debug\httpcore-4.2.2-52918460dea9a3bf3df4d133482c3b599a9b7878.jar C:\Users\D.zzm\.gradle\caches\modules-2\files-2.1\org.apache.httpcomponents\httpcore\4.2.2\b76bee23cd3f3ee9b98bc7c2c14670e821ddbbfd\httpcore-4.2.2.jar
java_class_path (initial): D:\AIDE\adt-bundle-windows-x86_64-20140702\sdk\build-tools\android-4.4W\lib\dx.jar
Launcher Type: SUN_STANDARD

Environment Variables:
JAVA_HOME=D:\Program Files\Java\jdk1.8.0_25
CLASSPATH=.;D:\Program Files\Java\jdk1.8.0_25\lib;D:\Program Files\Java\jdk1.8.0_25\lib\tools.jar
PATH=C:\ProgramData\Oracle\Java\javapath;C:\Program Files (x86)\Intel\iCLS Client\;C:\Program Files\Intel\iCLS Client\;C:\Windows\system32;C:\Windows;C:\Windows\System32\Wbem;C:\Windows\System32\WindowsPowerShell\v1.0\;C:\Program Files\Intel\Intel(R) Management Engine Components\DAL;C:\Program Files\Intel\Intel(R) Management Engine Components\IPT;C:\Program Files (x86)\Intel\Intel(R) Management Engine Components\DAL;C:\Program Files (x86)\Intel\Intel(R) Management Engine Components\IPT;C:\Program Files\Microsoft\Web Platform Installer\;C:\Program Files (x86)\Microsoft ASP.NET\ASP.NET Web Pages\v1.0\;C:\Program Files\Microsoft SQL Server\110\Tools\Binn\;C:\Program Files (x86)\Windows Kits\8.1\Windows Performance Toolkit\;C:\Program Files\Intel\WiFi\bin\;C:\Program Files\Common Files\Intel\WirelessCommon\;C:\Program Files (x86)\Lenovo\Lenovo Home\;D:\Program Files\Java\jdk1.8.0_25\bin;D:\Program Files\Java\jdk1.8.0_25\jre\bin;D:\Program Files (x86)\Git\cmd;D:\Program Files (x86)\Git\bin;C:\Program Files (x86)\Microsoft SDKs\TypeScript\1.0\;C:\Program Files\Microsoft SQL Server\120\Tools\Binn\;C:\Program Files\Intel\WiFi\bin\;C:\Program Files\Common Files\Intel\WirelessCommon\;C:\Program Files (x86)\Lenovo\Lenovo Home\DCMainWin.exe
USERNAME=D.zzm
OS=Windows_NT
PROCESSOR_IDENTIFIER=Intel64 Family 6 Model 69 Stepping 1, GenuineIntel



---------------  S Y S T E M  ---------------

OS: Windows 8.1 , 64 bit Build 9600 

CPU:total 4 (2 cores per cpu, 2 threads per core) family 6 model 69 stepping 1, cmov, cx8, fxsr, mmx, sse, sse2, sse3, ssse3, sse4.1, sse4.2, popcnt, avx, avx2, aes, clmul, erms, lzcnt, ht, tsc, tscinvbit, bmi1, bmi2

Memory: 4k page, physical 4120940k(820712k free), swap 7266668k(311800k free)

vm_info: Java HotSpot(TM) 64-Bit Server VM (25.25-b02) for windows-amd64 JRE (1.8.0_25-b18), built on Oct  7 2014 14:25:37 by "java_re" with MS VC++ 10.0 (VS2010)

time: Sat Nov 29 20:03:04 2014
elapsed time: 2 seconds (0d 0h 0m 2s)

